TN:
SF:lib/stats/realtime-stats.ts
FN:29,(anonymous_8)
FN:40,(anonymous_9)
FN:51,(anonymous_10)
FN:51,(anonymous_11)
FN:81,(anonymous_12)
FN:82,(anonymous_13)
FN:86,(anonymous_14)
FN:86,(anonymous_15)
FN:91,(anonymous_16)
FN:91,(anonymous_17)
FN:96,(anonymous_18)
FN:96,(anonymous_19)
FN:101,(anonymous_20)
FN:101,(anonymous_21)
FN:106,(anonymous_22)
FN:113,(anonymous_23)
FN:148,(anonymous_25)
FN:158,(anonymous_27)
FN:165,(anonymous_28)
FN:197,(anonymous_29)
FN:209,(anonymous_31)
FN:227,(anonymous_33)
FN:239,(anonymous_35)
FN:252,(anonymous_37)
FN:260,(anonymous_39)
FN:324,(anonymous_41)
FN:355,(anonymous_43)
FN:435,(anonymous_45)
FN:477,(anonymous_47)
FN:496,(anonymous_49)
FN:507,(anonymous_50)
FN:511,(anonymous_51)
FN:515,(anonymous_53)
FNF:33
FNH:0
FNDA:0,(anonymous_8)
FNDA:0,(anonymous_9)
FNDA:0,(anonymous_10)
FNDA:0,(anonymous_11)
FNDA:0,(anonymous_12)
FNDA:0,(anonymous_13)
FNDA:0,(anonymous_14)
FNDA:0,(anonymous_15)
FNDA:0,(anonymous_16)
FNDA:0,(anonymous_17)
FNDA:0,(anonymous_18)
FNDA:0,(anonymous_19)
FNDA:0,(anonymous_20)
FNDA:0,(anonymous_21)
FNDA:0,(anonymous_22)
FNDA:0,(anonymous_23)
FNDA:0,(anonymous_25)
FNDA:0,(anonymous_27)
FNDA:0,(anonymous_28)
FNDA:0,(anonymous_29)
FNDA:0,(anonymous_31)
FNDA:0,(anonymous_33)
FNDA:0,(anonymous_35)
FNDA:0,(anonymous_37)
FNDA:0,(anonymous_39)
FNDA:0,(anonymous_41)
FNDA:0,(anonymous_43)
FNDA:0,(anonymous_45)
FNDA:0,(anonymous_47)
FNDA:0,(anonymous_49)
FNDA:0,(anonymous_50)
FNDA:0,(anonymous_51)
FNDA:0,(anonymous_53)
DA:5,1
DA:6,1
DA:7,1
DA:8,1
DA:19,1
DA:21,1
DA:27,0
DA:30,0
DA:31,0
DA:32,0
DA:33,0
DA:34,0
DA:36,0
DA:37,0
DA:42,0
DA:51,0
DA:52,0
DA:53,0
DA:55,0
DA:57,0
DA:58,0
DA:60,0
DA:61,0
DA:63,0
DA:64,0
DA:66,0
DA:67,0
DA:69,0
DA:70,0
DA:72,0
DA:73,0
DA:76,0
DA:82,0
DA:83,0
DA:86,0
DA:87,0
DA:91,0
DA:92,0
DA:96,0
DA:97,0
DA:101,0
DA:102,0
DA:106,0
DA:107,0
DA:108,0
DA:114,0
DA:115,0
DA:118,0
DA:126,0
DA:127,0
DA:129,0
DA:130,0
DA:141,0
DA:145,0
DA:150,0
DA:154,0
DA:159,0
DA:164,0
DA:165,0
DA:167,0
DA:169,0
DA:183,0
DA:186,0
DA:189,0
DA:198,0
DA:206,0
DA:210,0
DA:212,0
DA:221,0
DA:224,0
DA:228,0
DA:236,0
DA:240,0
DA:249,0
DA:254,0
DA:255,0
DA:256,0
DA:261,0
DA:263,0
DA:267,0
DA:268,0
DA:271,0
DA:274,0
DA:275,0
DA:278,0
DA:283,0
DA:284,0
DA:287,0
DA:291,0
DA:292,0
DA:295,0
DA:299,0
DA:300,0
DA:304,0
DA:319,0
DA:320,0
DA:325,0
DA:326,0
DA:329,0
DA:330,0
DA:331,0
DA:335,0
DA:342,0
DA:347,0
DA:348,0
DA:356,0
DA:357,0
DA:361,0
DA:363,0
DA:371,0
DA:374,0
DA:377,0
DA:380,0
DA:381,0
DA:391,0
DA:396,0
DA:399,0
DA:407,0
DA:410,0
DA:414,0
DA:417,0
DA:418,0
DA:421,0
DA:427,0
DA:428,0
DA:436,0
DA:437,0
DA:440,0
DA:443,0
DA:444,0
DA:446,0
DA:448,0
DA:451,0
DA:452,0
DA:454,0
DA:455,0
DA:458,0
DA:464,0
DA:469,0
DA:478,0
DA:479,0
DA:482,0
DA:485,0
DA:486,0
DA:487,0
DA:488,0
DA:489,0
DA:493,0
DA:497,0
DA:498,0
DA:499,0
DA:500,0
DA:501,0
DA:508,0
DA:512,0
DA:516,0
DA:517,0
DA:518,0
DA:519,0
LF:159
LH:6
BRDA:29,0,0,0
BRDA:29,1,0,0
BRDA:29,1,1,0
BRDA:55,2,0,0
BRDA:55,2,1,0
BRDA:55,2,2,0
BRDA:55,2,3,0
BRDA:55,2,4,0
BRDA:55,2,5,0
BRDA:129,3,0,0
BRDA:129,3,1,0
BRDA:167,4,0,0
BRDA:167,4,1,0
BRDA:167,5,0,0
BRDA:167,5,1,0
BRDA:254,6,0,0
BRDA:254,6,1,0
BRDA:254,7,0,0
BRDA:254,7,1,0
BRDA:255,8,0,0
BRDA:255,8,1,0
BRDA:261,9,0,0
BRDA:261,9,1,0
BRDA:261,9,2,0
BRDA:261,9,3,0
BRDA:261,9,4,0
BRDA:261,9,5,0
BRDA:329,10,0,0
BRDA:329,10,1,0
BRDA:329,11,0,0
BRDA:329,11,1,0
BRDA:361,12,0,0
BRDA:361,12,1,0
BRDA:361,12,2,0
BRDA:361,12,3,0
BRDA:361,12,4,0
BRDA:361,12,5,0
BRDA:366,13,0,0
BRDA:366,13,1,0
BRDA:367,14,0,0
BRDA:367,14,1,0
BRDA:380,15,0,0
BRDA:380,15,1,0
BRDA:402,16,0,0
BRDA:402,16,1,0
BRDA:437,17,0,0
BRDA:437,17,1,0
BRDA:443,18,0,0
BRDA:443,18,1,0
BRDA:454,19,0,0
BRDA:454,19,1,0
BRDA:479,20,0,0
BRDA:479,20,1,0
BRDA:486,21,0,0
BRDA:486,21,1,0
BRDA:488,22,0,0
BRDA:488,22,1,0
BRDA:498,23,0,0
BRDA:498,23,1,0
BRDA:500,24,0,0
BRDA:500,24,1,0
BRF:61
BRH:0
end_of_record
TN:
SF:lib/stats/statistics-engine.ts
FN:33,(anonymous_8)
FN:53,(anonymous_9)
FN:53,(anonymous_10)
FN:66,(anonymous_11)
FN:67,(anonymous_12)
FN:77,(anonymous_13)
FN:88,(anonymous_14)
FN:98,(anonymous_15)
FN:113,(anonymous_17)
FN:165,(anonymous_19)
FN:203,(anonymous_21)
FN:210,(anonymous_22)
FN:218,(anonymous_23)
FN:302,(anonymous_25)
FN:400,(anonymous_27)
FN:450,(anonymous_28)
FN:544,(anonymous_30)
FN:548,(anonymous_32)
FN:549,(anonymous_33)
FN:550,(anonymous_34)
FN:551,(anonymous_35)
FN:552,(anonymous_36)
FN:553,(anonymous_37)
FN:554,(anonymous_38)
FN:555,(anonymous_39)
FN:556,(anonymous_40)
FN:608,(anonymous_41)
FN:629,(anonymous_43)
FN:653,(anonymous_45)
FN:674,(anonymous_47)
FN:695,(anonymous_49)
FN:714,(anonymous_51)
FN:733,(anonymous_53)
FN:761,(anonymous_55)
FN:785,(anonymous_57)
FN:810,(anonymous_59)
FN:840,(anonymous_61)
FN:841,(anonymous_62)
FN:842,(anonymous_63)
FN:900,(anonymous_64)
FN:926,(anonymous_66)
FN:927,(anonymous_67)
FN:931,(anonymous_68)
FN:972,(anonymous_69)
FN:985,(anonymous_71)
FN:997,(anonymous_73)
FN:1008,(anonymous_75)
FN:1022,(anonymous_77)
FNF:48
FNH:0
FNDA:0,(anonymous_8)
FNDA:0,(anonymous_9)
FNDA:0,(anonymous_10)
FNDA:0,(anonymous_11)
FNDA:0,(anonymous_12)
FNDA:0,(anonymous_13)
FNDA:0,(anonymous_14)
FNDA:0,(anonymous_15)
FNDA:0,(anonymous_17)
FNDA:0,(anonymous_19)
FNDA:0,(anonymous_21)
FNDA:0,(anonymous_22)
FNDA:0,(anonymous_23)
FNDA:0,(anonymous_25)
FNDA:0,(anonymous_27)
FNDA:0,(anonymous_28)
FNDA:0,(anonymous_30)
FNDA:0,(anonymous_32)
FNDA:0,(anonymous_33)
FNDA:0,(anonymous_34)
FNDA:0,(anonymous_35)
FNDA:0,(anonymous_36)
FNDA:0,(anonymous_37)
FNDA:0,(anonymous_38)
FNDA:0,(anonymous_39)
FNDA:0,(anonymous_40)
FNDA:0,(anonymous_41)
FNDA:0,(anonymous_43)
FNDA:0,(anonymous_45)
FNDA:0,(anonymous_47)
FNDA:0,(anonymous_49)
FNDA:0,(anonymous_51)
FNDA:0,(anonymous_53)
FNDA:0,(anonymous_55)
FNDA:0,(anonymous_57)
FNDA:0,(anonymous_59)
FNDA:0,(anonymous_61)
FNDA:0,(anonymous_62)
FNDA:0,(anonymous_63)
FNDA:0,(anonymous_64)
FNDA:0,(anonymous_66)
FNDA:0,(anonymous_67)
FNDA:0,(anonymous_68)
FNDA:0,(anonymous_69)
FNDA:0,(anonymous_71)
FNDA:0,(anonymous_73)
FNDA:0,(anonymous_75)
FNDA:0,(anonymous_77)
DA:4,3
DA:5,3
DA:6,3
DA:7,3
DA:25,3
DA:27,3
DA:34,0
DA:35,0
DA:38,0
DA:51,0
DA:53,0
DA:54,0
DA:63,0
DA:67,0
DA:68,0
DA:69,0
DA:77,0
DA:78,0
DA:79,0
DA:80,0
DA:88,0
DA:89,0
DA:90,0
DA:99,0
DA:104,0
DA:110,0
DA:117,0
DA:118,0
DA:120,0
DA:121,0
DA:123,0
DA:125,0
DA:126,0
DA:128,0
DA:133,0
DA:135,0
DA:136,0
DA:138,0
DA:139,0
DA:141,0
DA:142,0
DA:144,0
DA:145,0
DA:147,0
DA:150,0
DA:151,0
DA:153,0
DA:159,0
DA:160,0
DA:161,0
DA:169,0
DA:172,0
DA:173,0
DA:176,0
DA:177,0
DA:180,0
DA:183,0
DA:186,0
DA:193,0
DA:196,0
DA:197,0
DA:198,0
DA:199,0
DA:201,0
DA:203,0
DA:205,0
DA:210,0
DA:220,0
DA:225,0
DA:227,0
DA:229,0
DA:230,0
DA:235,0
DA:236,0
DA:238,0
DA:239,0
DA:240,0
DA:242,0
DA:243,0
DA:244,0
DA:245,0
DA:246,0
DA:247,0
DA:249,0
DA:250,0
DA:255,0
DA:270,0
DA:286,0
DA:287,0
DA:307,0
DA:310,0
DA:311,0
DA:312,0
DA:315,0
DA:321,0
DA:323,0
DA:324,0
DA:326,0
DA:327,0
DA:346,0
DA:347,0
DA:348,0
DA:349,0
DA:351,0
DA:352,0
DA:354,0
DA:355,0
DA:359,0
DA:360,0
DA:361,0
DA:362,0
DA:364,0
DA:366,0
DA:370,0
DA:371,0
DA:372,0
DA:373,0
DA:375,0
DA:377,0
DA:381,0
DA:382,0
DA:383,0
DA:386,0
DA:390,0
DA:391,0
DA:392,0
DA:394,0
DA:395,0
DA:396,0
DA:399,0
DA:400,0
DA:401,0
DA:403,0
DA:407,0
DA:408,0
DA:411,0
DA:412,0
DA:413,0
DA:416,0
DA:417,0
DA:421,0
DA:432,0
DA:436,0
DA:437,0
DA:443,0
DA:451,0
DA:453,0
DA:458,0
DA:460,0
DA:461,0
DA:464,0
DA:466,0
DA:467,0
DA:468,0
DA:486,0
DA:487,0
DA:490,0
DA:491,0
DA:492,0
DA:493,0
DA:495,0
DA:496,0
DA:498,0
DA:499,0
DA:502,0
DA:503,0
DA:504,0
DA:505,0
DA:506,0
DA:507,0
DA:510,0
DA:511,0
DA:512,0
DA:517,0
DA:518,0
DA:519,0
DA:530,0
DA:534,0
DA:535,0
DA:537,0
DA:545,0
DA:547,0
DA:548,0
DA:549,0
DA:550,0
DA:551,0
DA:552,0
DA:553,0
DA:554,0
DA:555,0
DA:556,0
DA:559,0
DA:560,0
DA:561,0
DA:562,0
DA:563,0
DA:592,0
DA:597,0
DA:598,0
DA:599,0
DA:601,0
DA:609,0
DA:614,0
DA:616,0
DA:630,0
DA:638,0
DA:640,0
DA:654,0
DA:659,0
DA:661,0
DA:675,0
DA:680,0
DA:682,0
DA:696,0
DA:701,0
DA:703,0
DA:715,0
DA:720,0
DA:722,0
DA:734,0
DA:748,0
DA:750,0
DA:762,0
DA:770,0
DA:772,0
DA:786,0
DA:794,0
DA:796,0
DA:811,0
DA:814,0
DA:820,0
DA:823,0
DA:824,0
DA:825,0
DA:827,0
DA:830,0
DA:831,0
DA:832,0
DA:835,0
DA:836,0
DA:838,0
DA:840,0
DA:841,0
DA:842,0
DA:844,0
DA:845,0
DA:849,0
DA:851,0
DA:890,0
DA:893,0
DA:901,0
DA:904,0
DA:913,0
DA:914,0
DA:915,0
DA:916,0
DA:918,0
DA:921,0
DA:922,0
DA:923,0
DA:926,0
DA:927,0
DA:929,0
DA:931,0
DA:932,0
DA:935,0
DA:961,0
DA:965,0
DA:973,0
DA:982,0
DA:986,0
DA:998,0
DA:1009,0
DA:1010,0
DA:1012,0
DA:1023,0
DA:1024,0
DA:1025,0
DA:1026,0
LF:279
LH:6
BRDA:33,0,0,0
BRDA:33,1,0,0
BRDA:33,1,1,0
BRDA:54,2,0,0
BRDA:54,2,1,0
BRDA:73,3,0,0
BRDA:73,3,1,0
BRDA:73,4,0,0
BRDA:73,4,1,0
BRDA:78,5,0,0
BRDA:78,5,1,0
BRDA:78,6,0,0
BRDA:78,6,1,0
BRDA:79,7,0,0
BRDA:79,7,1,0
BRDA:100,8,0,0
BRDA:100,8,1,0
BRDA:100,9,0,0
BRDA:100,9,1,0
BRDA:123,10,0,0
BRDA:123,10,1,0
BRDA:123,10,2,0
BRDA:123,10,3,0
BRDA:123,10,4,0
BRDA:123,10,5,0
BRDA:123,10,6,0
BRDA:151,11,0,0
BRDA:151,11,1,0
BRDA:173,12,0,0
BRDA:173,12,1,0
BRDA:173,13,0,0
BRDA:173,13,1,0
BRDA:177,14,0,0
BRDA:177,14,1,0
BRDA:177,15,0,0
BRDA:177,15,1,0
BRDA:183,16,0,0
BRDA:183,16,1,0
BRDA:183,17,0,0
BRDA:183,17,1,0
BRDA:193,18,0,0
BRDA:193,18,1,0
BRDA:193,19,0,0
BRDA:193,19,1,0
BRDA:198,20,0,0
BRDA:198,20,1,0
BRDA:201,21,0,0
BRDA:201,21,1,0
BRDA:201,22,0,0
BRDA:201,22,1,0
BRDA:203,23,0,0
BRDA:203,23,1,0
BRDA:212,24,0,0
BRDA:212,24,1,0
BRDA:238,25,0,0
BRDA:238,25,1,0
BRDA:238,26,0,0
BRDA:238,26,1,0
BRDA:242,27,0,0
BRDA:242,27,1,0
BRDA:245,28,0,0
BRDA:245,28,1,0
BRDA:261,29,0,0
BRDA:261,29,1,0
BRDA:262,30,0,0
BRDA:262,30,1,0
BRDA:276,31,0,0
BRDA:276,31,1,0
BRDA:277,32,0,0
BRDA:277,32,1,0
BRDA:311,33,0,0
BRDA:311,33,1,0
BRDA:326,34,0,0
BRDA:326,34,1,0
BRDA:348,35,0,0
BRDA:348,35,1,0
BRDA:351,36,0,0
BRDA:351,36,1,0
BRDA:354,37,0,0
BRDA:354,37,1,0
BRDA:354,38,0,0
BRDA:354,38,1,0
BRDA:359,39,0,0
BRDA:359,39,1,0
BRDA:361,40,0,0
BRDA:361,40,1,0
BRDA:370,41,0,0
BRDA:370,41,1,0
BRDA:372,42,0,0
BRDA:372,42,1,0
BRDA:381,43,0,0
BRDA:381,43,1,0
BRDA:394,44,0,0
BRDA:394,44,1,0
BRDA:416,45,0,0
BRDA:416,45,1,0
BRDA:436,46,0,0
BRDA:436,46,1,0
BRDA:461,47,0,0
BRDA:461,47,1,0
BRDA:466,48,0,0
BRDA:466,48,1,0
BRDA:490,49,0,0
BRDA:490,49,1,0
BRDA:493,50,0,0
BRDA:493,50,1,0
BRDA:495,51,0,0
BRDA:495,51,1,0
BRDA:498,52,0,0
BRDA:498,52,1,0
BRDA:498,53,0,0
BRDA:498,53,1,0
BRDA:499,54,0,0
BRDA:499,54,1,0
BRDA:502,55,0,0
BRDA:502,55,1,0
BRDA:504,56,0,0
BRDA:504,56,1,0
BRDA:506,57,0,0
BRDA:506,57,1,0
BRDA:511,58,0,0
BRDA:511,58,1,0
BRDA:512,59,0,0
BRDA:512,59,1,0
BRDA:562,60,0,0
BRDA:562,60,1,0
BRDA:577,61,0,0
BRDA:577,61,1,0
BRDA:589,62,0,0
BRDA:589,62,1,0
BRDA:614,63,0,0
BRDA:614,63,1,0
BRDA:638,64,0,0
BRDA:638,64,1,0
BRDA:659,65,0,0
BRDA:659,65,1,0
BRDA:659,66,0,0
BRDA:659,66,1,0
BRDA:680,67,0,0
BRDA:680,67,1,0
BRDA:690,68,0,0
BRDA:690,68,1,0
BRDA:701,69,0,0
BRDA:701,69,1,0
BRDA:720,70,0,0
BRDA:720,70,1,0
BRDA:748,71,0,0
BRDA:748,71,1,0
BRDA:770,72,0,0
BRDA:770,72,1,0
BRDA:794,73,0,0
BRDA:794,73,1,0
BRDA:824,74,0,0
BRDA:824,74,1,0
BRDA:832,75,0,0
BRDA:832,75,1,0
BRDA:838,76,0,0
BRDA:838,76,1,0
BRDA:845,77,0,0
BRDA:845,77,1,0
BRDA:846,78,0,0
BRDA:846,78,1,0
BRDA:915,79,0,0
BRDA:915,79,1,0
BRDA:923,80,0,0
BRDA:923,80,1,0
BRDA:929,81,0,0
BRDA:929,81,1,0
BRDA:944,82,0,0
BRDA:944,82,1,0
BRDA:944,83,0,0
BRDA:944,83,1,0
BRDA:945,84,0,0
BRDA:945,84,1,0
BRDA:945,85,0,0
BRDA:945,85,1,0
BRDA:947,86,0,0
BRDA:947,86,1,0
BRDA:947,87,0,0
BRDA:947,87,1,0
BRDA:954,88,0,0
BRDA:954,88,1,0
BRDA:954,89,0,0
BRDA:954,89,1,0
BRDA:955,90,0,0
BRDA:955,90,1,0
BRDA:955,91,0,0
BRDA:955,91,1,0
BRDA:957,92,0,0
BRDA:957,92,1,0
BRDA:957,93,0,0
BRDA:957,93,1,0
BRDA:1010,94,0,0
BRDA:1010,94,1,0
BRF:194
BRH:0
end_of_record
TN:
SF:lib/workers/statistics-scheduler.ts
FN:44,refreshMaterializedViews
FN:67,calculateSeasonStatistics
FN:82,(anonymous_12)
FN:104,calculateAllTimeRecords
FN:115,(anonymous_15)
FN:137,calculateHeadToHeadRecords
FN:148,(anonymous_18)
FN:170,calculatePerformanceTrends
FN:181,(anonymous_21)
FN:203,fullRecalculation
FN:216,(anonymous_24)
FN:239,cleanupOldLogs
FN:284,logScheduledJob
FN:317,startScheduler
FN:381,stopScheduler
FN:396,getSchedulerStatus
FN:399,(anonymous_32)
FN:410,(anonymous_33)
FN:410,(anonymous_34)
FN:419,(anonymous_35)
FN:419,(anonymous_36)
FNF:21
FNH:0
FNDA:0,refreshMaterializedViews
FNDA:0,calculateSeasonStatistics
FNDA:0,(anonymous_12)
FNDA:0,calculateAllTimeRecords
FNDA:0,(anonymous_15)
FNDA:0,calculateHeadToHeadRecords
FNDA:0,(anonymous_18)
FNDA:0,calculatePerformanceTrends
FNDA:0,(anonymous_21)
FNDA:0,fullRecalculation
FNDA:0,(anonymous_24)
FNDA:0,cleanupOldLogs
FNDA:0,logScheduledJob
FNDA:0,startScheduler
FNDA:0,stopScheduler
FNDA:0,getSchedulerStatus
FNDA:0,(anonymous_32)
FNDA:0,(anonymous_33)
FNDA:0,(anonymous_34)
FNDA:0,(anonymous_35)
FNDA:0,(anonymous_36)
DA:4,0
DA:5,0
DA:6,0
DA:7,0
DA:8,0
DA:10,0
DA:11,0
DA:12,0
DA:15,0
DA:39,0
DA:45,0
DA:46,0
DA:48,0
DA:50,0
DA:51,0
DA:53,0
DA:54,0
DA:57,0
DA:59,0
DA:60,0
DA:68,0
DA:69,0
DA:71,0
DA:73,0
DA:78,0
DA:81,0
DA:83,0
DA:91,0
DA:92,0
DA:94,0
DA:96,0
DA:97,0
DA:105,0
DA:106,0
DA:108,0
DA:109,0
DA:114,0
DA:116,0
DA:124,0
DA:125,0
DA:127,0
DA:129,0
DA:130,0
DA:138,0
DA:139,0
DA:141,0
DA:142,0
DA:147,0
DA:149,0
DA:157,0
DA:158,0
DA:160,0
DA:162,0
DA:163,0
DA:171,0
DA:172,0
DA:174,0
DA:175,0
DA:180,0
DA:182,0
DA:190,0
DA:191,0
DA:193,0
DA:195,0
DA:196,0
DA:204,0
DA:205,0
DA:207,0
DA:208,0
DA:213,0
DA:215,0
DA:217,0
DA:226,0
DA:227,0
DA:229,0
DA:231,0
DA:232,0
DA:240,0
DA:241,0
DA:243,0
DA:245,0
DA:246,0
DA:248,0
DA:256,0
DA:257,0
DA:260,0
DA:261,0
DA:263,0
DA:264,0
DA:266,0
DA:267,0
DA:268,0
DA:272,0
DA:274,0
DA:276,0
DA:277,0
DA:291,0
DA:292,0
DA:310,0
DA:317,0
DA:318,0
DA:321,0
DA:324,0
DA:325,0
DA:328,0
DA:331,0
DA:332,0
DA:335,0
DA:338,0
DA:339,0
DA:342,0
DA:345,0
DA:346,0
DA:349,0
DA:352,0
DA:353,0
DA:356,0
DA:359,0
DA:360,0
DA:363,0
DA:366,0
DA:367,0
DA:369,0
DA:372,0
DA:373,0
DA:374,0
DA:381,0
DA:382,0
DA:384,0
DA:385,0
DA:386,0
DA:389,0
DA:390,0
DA:396,0
DA:397,0
DA:399,0
DA:406,0
DA:410,0
DA:411,0
DA:412,0
DA:413,0
DA:414,0
DA:415,0
DA:416,0
DA:419,0
DA:420,0
DA:421,0
DA:422,0
DA:423,0
DA:424,0
DA:425,0
DA:429,0
DA:430,0
DA:431,0
LF:154
LH:0
BRDA:11,0,0,0
BRDA:11,0,1,0
BRDA:266,1,0,0
BRDA:266,1,1,0
BRDA:266,2,0,0
BRDA:266,2,1,0
BRDA:296,3,0,0
BRDA:296,3,1,0
BRDA:300,4,0,0
BRDA:300,4,1,0
BRDA:301,5,0,0
BRDA:301,5,1,0
BRDA:429,6,0,0
BRDA:429,6,1,0
BRF:14
BRH:0
end_of_record
TN:
SF:lib/workers/statistics-worker.ts
FN:43,initializeWorker
FN:66,(anonymous_10)
FN:67,(anonymous_11)
FN:115,setupJobEventListeners
FN:126,(anonymous_13)
FN:126,(anonymous_14)
FN:153,handleJobCompleted
FN:172,handleJobFailed
FN:191,handleJobProgress
FN:201,handleJobStalled
FN:211,startHealthChecks
FN:212,(anonymous_20)
FN:212,(anonymous_21)
FN:244,startMetricsCollection
FN:245,(anonymous_23)
FN:245,(anonymous_24)
FN:276,getQueueHealth
FN:292,shutdown
FN:314,(anonymous_29)
FN:314,(anonymous_30)
FN:320,(anonymous_31)
FN:320,(anonymous_32)
FN:326,(anonymous_33)
FN:331,(anonymous_34)
FN:339,(anonymous_35)
FN:343,(anonymous_36)
FNF:26
FNH:0
FNDA:0,initializeWorker
FNDA:0,(anonymous_10)
FNDA:0,(anonymous_11)
FNDA:0,setupJobEventListeners
FNDA:0,(anonymous_13)
FNDA:0,(anonymous_14)
FNDA:0,handleJobCompleted
FNDA:0,handleJobFailed
FNDA:0,handleJobProgress
FNDA:0,handleJobStalled
FNDA:0,startHealthChecks
FNDA:0,(anonymous_20)
FNDA:0,(anonymous_21)
FNDA:0,startMetricsCollection
FNDA:0,(anonymous_23)
FNDA:0,(anonymous_24)
FNDA:0,getQueueHealth
FNDA:0,shutdown
FNDA:0,(anonymous_29)
FNDA:0,(anonymous_30)
FNDA:0,(anonymous_31)
FNDA:0,(anonymous_32)
FNDA:0,(anonymous_33)
FNDA:0,(anonymous_34)
FNDA:0,(anonymous_35)
FNDA:0,(anonymous_36)
DA:4,0
DA:5,0
DA:6,0
DA:7,0
DA:8,0
DA:9,0
DA:11,0
DA:12,0
DA:15,0
DA:25,0
DA:43,0
DA:44,0
DA:46,0
DA:48,0
DA:49,0
DA:52,0
DA:53,0
DA:56,0
DA:57,0
DA:66,0
DA:67,0
DA:68,0
DA:69,0
DA:74,0
DA:88,0
DA:91,0
DA:94,0
DA:97,0
DA:99,0
DA:100,0
DA:101,0
DA:102,0
DA:103,0
DA:105,0
DA:107,0
DA:108,0
DA:117,0
DA:119,0
DA:126,0
DA:127,0
DA:128,0
DA:130,0
DA:132,0
DA:133,0
DA:135,0
DA:136,0
DA:138,0
DA:139,0
DA:141,0
DA:142,0
DA:145,0
DA:154,0
DA:157,0
DA:158,0
DA:163,0
DA:166,0
DA:173,0
DA:175,0
DA:176,0
DA:179,0
DA:182,0
DA:183,0
DA:184,0
DA:192,0
DA:195,0
DA:202,0
DA:205,0
DA:212,0
DA:213,0
DA:215,0
DA:218,0
DA:221,0
DA:223,0
DA:224,0
DA:227,0
DA:228,0
DA:231,0
DA:232,0
DA:236,0
DA:245,0
DA:246,0
DA:247,0
DA:249,0
DA:250,0
DA:251,0
DA:252,0
DA:253,0
DA:254,0
DA:255,0
DA:256,0
DA:259,0
DA:279,0
DA:293,0
DA:296,0
DA:297,0
DA:300,0
DA:301,0
DA:304,0
DA:305,0
DA:306,0
DA:308,0
DA:314,0
DA:315,0
DA:316,0
DA:317,0
DA:320,0
DA:321,0
DA:322,0
DA:323,0
DA:326,0
DA:327,0
DA:328,0
DA:331,0
DA:332,0
DA:333,0
DA:337,0
DA:338,0
DA:340,0
DA:341,0
DA:344,0
DA:345,0
DA:351,0
DA:352,0
DA:353,0
LF:124
LH:0
BRDA:12,0,0,0
BRDA:12,0,1,0
BRDA:16,1,0,0
BRDA:16,1,1,0
BRDA:17,2,0,0
BRDA:17,2,1,0
BRDA:18,3,0,0
BRDA:18,3,1,0
BRDA:19,4,0,0
BRDA:19,4,1,0
BRDA:59,5,0,0
BRDA:59,5,1,0
BRDA:130,6,0,0
BRDA:130,6,1,0
BRDA:130,6,2,0
BRDA:130,6,3,0
BRDA:157,7,0,0
BRDA:157,7,1,0
BRDA:183,8,0,0
BRDA:183,8,1,0
BRDA:183,9,0,0
BRDA:183,9,1,0
BRDA:227,10,0,0
BRDA:227,10,1,0
BRDA:231,11,0,0
BRDA:231,11,1,0
BRDA:253,12,0,0
BRDA:253,12,1,0
BRDA:296,13,0,0
BRDA:296,13,1,0
BRDA:297,14,0,0
BRDA:297,14,1,0
BRDA:300,15,0,0
BRDA:300,15,1,0
BRDA:301,16,0,0
BRDA:301,16,1,0
BRDA:304,17,0,0
BRDA:304,17,1,0
BRDA:337,18,0,0
BRDA:337,18,1,0
BRF:40
BRH:0
end_of_record
